<?xml version="1.0" encoding="UTF-8"?>
<!-- Generated by org.testng.reporters.JUnitXMLReporter -->
<testsuite hostname="LAPTOP-MJBTG76S" ignored="0" name="Test" tests="4" failures="0" timestamp="20 Jun 2020 10:23:39 GMT" time="0.052" errors="0">
  <testcase name="testOne" time="0.013" classname="mavenFramworkCommandPrompt.mavenFramworkCommandPrompt.SheetalTest1"/>
  <testcase name="testTwo" time="0.001" classname="mavenFramworkCommandPrompt.mavenFramworkCommandPrompt.SheetalTest1"/>
  <testcase name="testFour" time="0.001" classname="mavenFramworkCommandPrompt.mavenFramworkCommandPrompt.SheetalTest2"/>
  <testcase name="testThree" time="0.002" classname="mavenFramworkCommandPrompt.mavenFramworkCommandPrompt.SheetalTest2"/>
</testsuite> <!-- Test -->
